<?xml version="1.0" encoding="UTF-8"?>
<testng-results skipped="0" failed="0" ignored="0" total="1" passed="1">
  <reporter-output>
    <line>
      <![CDATA[<a href='E:\git\AutomationPracticeProject\src\main\resources\screenshot\navigation_pages_358_12-2018_15_12-879.png'><img src='E:\git\AutomationPracticeProject\src\main\resources\screenshot\navigation_pages_358_12-2018_15_12-879.png'height='100' width='100'/></a>]]>
    </line>
    <line>
      <![CDATA[<a href='E:\git\AutomationPracticeProject\src\main\resources\screenshot\navigation_pages_358_12-2018_15_12-516.png'><img src='E:\git\AutomationPracticeProject\src\main\resources\screenshot\navigation_pages_358_12-2018_15_12-516.png'height='100' width='100'/></a>]]>
    </line>
    <line>
      <![CDATA[<a href='E:\git\AutomationPracticeProject\src\main\resources\screenshot\navigation_pages_358_12-2018_15_12-743.png'><img src='E:\git\AutomationPracticeProject\src\main\resources\screenshot\navigation_pages_358_12-2018_15_12-743.png'height='100' width='100'/></a>]]>
    </line>
    <line>
      <![CDATA[<a href='E:\git\AutomationPracticeProject\src\main\resources\screenshot\navigation_pages_358_12-2018_15_12-787.png'><img src='E:\git\AutomationPracticeProject\src\main\resources\screenshot\navigation_pages_358_12-2018_15_12-787.png'height='100' width='100'/></a>]]>
    </line>
    <line>
      <![CDATA[<a href='E:\git\AutomationPracticeProject\src\main\resources\screenshot\TC006_test_358_12-2018_15_12-876.png'><img src='E:\git\AutomationPracticeProject\src\main\resources\screenshot\TC006_test_358_12-2018_15_12-876.png'height='100' width='100'/></a>]]>
    </line>
  </reporter-output>
  <suite name="Default suite" duration-ms="42131" started-at="2018-12-24T10:00:17Z" finished-at="2018-12-24T10:01:00Z">
    <groups>
    </groups>
    <test name="Default test" duration-ms="42131" started-at="2018-12-24T10:00:17Z" finished-at="2018-12-24T10:01:00Z">
      <class name="testScripts.MyAccount.TC_007">
        <test-method status="PASS" signature="beforeSuite()[pri:0, instance:testScripts.MyAccount.TC_007@7791a895]" name="beforeSuite" is-config="true" duration-ms="94" started-at="2018-12-24T10:00:17Z" finished-at="2018-12-24T10:00:17Z">
          <reporter-output>
          </reporter-output>
        </test-method> <!-- beforeSuite -->
        <test-method status="PASS" signature="beforeTest()[pri:0, instance:testScripts.MyAccount.TC_007@7791a895]" name="beforeTest" is-config="true" duration-ms="3777" started-at="2018-12-24T10:00:17Z" finished-at="2018-12-24T10:00:21Z">
          <reporter-output>
          </reporter-output>
        </test-method> <!-- beforeTest -->
        <test-method status="PASS" signature="beforeClass()[pri:0, instance:testScripts.MyAccount.TC_007@7791a895]" name="beforeClass" is-config="true" duration-ms="0" started-at="2018-12-24T10:00:21Z" finished-at="2018-12-24T10:00:21Z">
          <reporter-output>
          </reporter-output>
        </test-method> <!-- beforeClass -->
        <test-method status="PASS" signature="beforeMethod(java.lang.reflect.Method)[pri:0, instance:testScripts.MyAccount.TC_007@7791a895]" name="beforeMethod" is-config="true" duration-ms="5" started-at="2018-12-24T10:00:21Z" finished-at="2018-12-24T10:00:21Z">
          <params>
            <param index="0">
              <value>
                <![CDATA[public void testScripts.MyAccount.TC_007.TC006_test() throws java.io.IOException,java.lang.InterruptedException]]>
              </value>
            </param>
          </params>
          <reporter-output>
          </reporter-output>
        </test-method> <!-- beforeMethod -->
        <test-method status="PASS" signature="TC006_test()[pri:0, instance:testScripts.MyAccount.TC_007@7791a895]" name="TC006_test" duration-ms="37188" started-at="2018-12-24T10:00:21Z" description="My Accounts Account details" finished-at="2018-12-24T10:00:58Z">
          <reporter-output>
            <line>
              <![CDATA[<a href='E:\git\AutomationPracticeProject\src\main\resources\screenshot\navigation_pages_358_12-2018_15_12-879.png'><img src='E:\git\AutomationPracticeProject\src\main\resources\screenshot\navigation_pages_358_12-2018_15_12-879.png'height='100' width='100'/></a>]]>
            </line>
            <line>
              <![CDATA[<a href='E:\git\AutomationPracticeProject\src\main\resources\screenshot\navigation_pages_358_12-2018_15_12-516.png'><img src='E:\git\AutomationPracticeProject\src\main\resources\screenshot\navigation_pages_358_12-2018_15_12-516.png'height='100' width='100'/></a>]]>
            </line>
            <line>
              <![CDATA[<a href='E:\git\AutomationPracticeProject\src\main\resources\screenshot\navigation_pages_358_12-2018_15_12-743.png'><img src='E:\git\AutomationPracticeProject\src\main\resources\screenshot\navigation_pages_358_12-2018_15_12-743.png'height='100' width='100'/></a>]]>
            </line>
            <line>
              <![CDATA[<a href='E:\git\AutomationPracticeProject\src\main\resources\screenshot\navigation_pages_358_12-2018_15_12-787.png'><img src='E:\git\AutomationPracticeProject\src\main\resources\screenshot\navigation_pages_358_12-2018_15_12-787.png'height='100' width='100'/></a>]]>
            </line>
          </reporter-output>
        </test-method> <!-- TC006_test -->
        <test-method status="PASS" signature="afterMethod(org.testng.ITestResult)[pri:0, instance:testScripts.MyAccount.TC_007@7791a895]" name="afterMethod" is-config="true" duration-ms="524" started-at="2018-12-24T10:00:58Z" finished-at="2018-12-24T10:00:59Z">
          <params>
            <param index="0">
              <value>
                <![CDATA[[TestResult name=TC006_test status=SUCCESS method=TC_007.TC006_test()[pri:0, instance:testScripts.MyAccount.TC_007@7791a895] output=<a href='E:\git\AutomationPracticeProject\src\main\resources\screenshot\navigation_pages_358_12-2018_15_12-879.png'><img src='E:\git\AutomationPracticeProject\src\main\resources\screenshot\navigation_pages_358_12-2018_15_12-879.png'height='100' width='100'/></a>]]]>
              </value>
            </param>
          </params>
          <reporter-output>
            <line>
              <![CDATA[<a href='E:\git\AutomationPracticeProject\src\main\resources\screenshot\TC006_test_358_12-2018_15_12-876.png'><img src='E:\git\AutomationPracticeProject\src\main\resources\screenshot\TC006_test_358_12-2018_15_12-876.png'height='100' width='100'/></a>]]>
            </line>
          </reporter-output>
        </test-method> <!-- afterMethod -->
        <test-method status="PASS" signature="afterTest()[pri:0, instance:testScripts.MyAccount.TC_007@7791a895]" name="afterTest" is-config="true" duration-ms="618" started-at="2018-12-24T10:00:59Z" finished-at="2018-12-24T10:01:00Z">
          <reporter-output>
          </reporter-output>
        </test-method> <!-- afterTest -->
      </class> <!-- testScripts.MyAccount.TC_007 -->
    </test> <!-- Default test -->
  </suite> <!-- Default suite -->
</testng-results>
